Performing C SOURCE FILE Test CMAKE_HAVE_LIBC_PTHREAD failed with the following output:
Change Dir: /home/eddie/service_challenge/CMakeFiles/CMakeTmp

Run Build Command(s):/usr/bin/make cmTC_e8cdd/fast && /usr/bin/make  -f CMakeFiles/cmTC_e8cdd.dir/build.make CMakeFiles/cmTC_e8cdd.dir/build
make[1]: Entering directory '/home/eddie/service_challenge/CMakeFiles/CMakeTmp'
Building C object CMakeFiles/cmTC_e8cdd.dir/src.c.o
/usr/bin/cc   -DCMAKE_HAVE_LIBC_PTHREAD   -o CMakeFiles/cmTC_e8cdd.dir/src.c.o   -c /home/eddie/service_challenge/CMakeFiles/CMakeTmp/src.c
Linking C executable cmTC_e8cdd
/usr/bin/cmake -E cmake_link_script CMakeFiles/cmTC_e8cdd.dir/link.txt --verbose=1
/usr/bin/cc  -DCMAKE_HAVE_LIBC_PTHREAD    -rdynamic CMakeFiles/cmTC_e8cdd.dir/src.c.o  -o cmTC_e8cdd 
CMakeFiles/cmTC_e8cdd.dir/src.c.o: In function `main':
src.c:(.text+0x3e): undefined reference to `pthread_create'
src.c:(.text+0x4a): undefined reference to `pthread_detach'
src.c:(.text+0x56): undefined reference to `pthread_cancel'
src.c:(.text+0x67): undefined reference to `pthread_join'
src.c:(.text+0x7b): undefined reference to `pthread_atfork'
collect2: error: ld returned 1 exit status
CMakeFiles/cmTC_e8cdd.dir/build.make:106: recipe for target 'cmTC_e8cdd' failed
make[1]: *** [cmTC_e8cdd] Error 1
make[1]: Leaving directory '/home/eddie/service_challenge/CMakeFiles/CMakeTmp'
Makefile:141: recipe for target 'cmTC_e8cdd/fast' failed
make: *** [cmTC_e8cdd/fast] Error 2


Source file was:
#include <pthread.h>

void* test_func(void* data)
{
  return data;
}

int main(void)
{
  pthread_t thread;
  pthread_create(&thread, NULL, test_func, NULL);
  pthread_detach(thread);
  pthread_cancel(thread);
  pthread_join(thread, NULL);
  pthread_atfork(NULL, NULL, NULL);
  pthread_exit(NULL);

  return 0;
}

Determining if the function pthread_create exists in the pthreads failed with the following output:
Change Dir: /home/eddie/service_challenge/CMakeFiles/CMakeTmp

Run Build Command(s):/usr/bin/make cmTC_42d7a/fast && /usr/bin/make  -f CMakeFiles/cmTC_42d7a.dir/build.make CMakeFiles/cmTC_42d7a.dir/build
make[1]: Entering directory '/home/eddie/service_challenge/CMakeFiles/CMakeTmp'
Building C object CMakeFiles/cmTC_42d7a.dir/CheckFunctionExists.c.o
/usr/bin/cc   -DCHECK_FUNCTION_EXISTS=pthread_create   -o CMakeFiles/cmTC_42d7a.dir/CheckFunctionExists.c.o   -c /usr/share/cmake-3.17/Modules/CheckFunctionExists.c
Linking C executable cmTC_42d7a
/usr/bin/cmake -E cmake_link_script CMakeFiles/cmTC_42d7a.dir/link.txt --verbose=1
/usr/bin/cc  -DCHECK_FUNCTION_EXISTS=pthread_create    -rdynamic CMakeFiles/cmTC_42d7a.dir/CheckFunctionExists.c.o  -o cmTC_42d7a  -lpthreads 
/usr/bin/ld: cannot find -lpthreads
collect2: error: ld returned 1 exit status
CMakeFiles/cmTC_42d7a.dir/build.make:106: recipe for target 'cmTC_42d7a' failed
make[1]: *** [cmTC_42d7a] Error 1
make[1]: Leaving directory '/home/eddie/service_challenge/CMakeFiles/CMakeTmp'
Makefile:141: recipe for target 'cmTC_42d7a/fast' failed
make: *** [cmTC_42d7a/fast] Error 2



